[debug] [2021-01-29T05:22:55.870Z] ----------------------------------------------------------------------
[debug] [2021-01-29T05:22:55.874Z] Command:       C:\Program Files\nodejs\node.exe C:\Users\ADMIN\AppData\Roaming\npm\node_modules\firebase-tools\lib\bin\firebase.js init
[debug] [2021-01-29T05:22:55.874Z] CLI Version:   9.2.2
[debug] [2021-01-29T05:22:55.874Z] Platform:      win32
[debug] [2021-01-29T05:22:55.874Z] Node Version:  v12.18.3
[debug] [2021-01-29T05:22:55.875Z] Time:          Fri Jan 29 2021 10:52:55 GMT+0530 (India Standard Time)
[debug] [2021-01-29T05:22:55.876Z] ----------------------------------------------------------------------
[debug] [2021-01-29T05:22:55.876Z] 
[debug] [2021-01-29T05:22:55.884Z] > command requires scopes: ["email","openid","https://www.googleapis.com/auth/cloudplatformprojects.readonly","https://www.googleapis.com/auth/firebase","https://www.googleapis.com/auth/cloud-platform"]
[debug] [2021-01-29T05:22:55.885Z] > authorizing via signed-in user
[info] 
     ######## #### ########  ######## ########     ###     ######  ########
     ##        ##  ##     ## ##       ##     ##  ##   ##  ##       ##
     ######    ##  ########  ######   ########  #########  ######  ######
     ##        ##  ##    ##  ##       ##     ## ##     ##       ## ##
     ##       #### ##     ## ######## ########  ##     ##  ######  ########

You're about to initialize a Firebase project in this directory:

  C:\Users\ADMIN\Desktop\i write code\React js\react-msg-app

Before we get started, keep in mind:

  * You are initializing in an existing Firebase project directory

[info] 
=== Project Setup
[info] 
[info] First, let's associate this project directory with a Firebase project.
[info] You can create multiple project aliases by running firebase use --add, 
[info] but for now we'll just set up a default project.
[info] 
[info] i  .firebaserc already has a default project, using react-msg-app. 
[debug] [2021-01-29T05:23:05.876Z] > refreshing access token with scopes: []
[debug] [2021-01-29T05:23:05.877Z] >>> HTTP REQUEST POST https://www.googleapis.com/oauth2/v3/token  
 <request body omitted>
[debug] [2021-01-29T05:23:06.300Z] <<< HTTP RESPONSE 200 {"date":"Fri, 29 Jan 2021 05:23:04 GMT","cache-control":"no-cache, no-store, max-age=0, must-revalidate","pragma":"no-cache","expires":"Mon, 01 Jan 1990 00:00:00 GMT","content-type":"application/json; charset=utf-8","vary":"X-Origin, Referer, Origin,Accept-Encoding","server":"scaffolding on HTTPServer2","x-xss-protection":"0","x-frame-options":"SAMEORIGIN","x-content-type-options":"nosniff","alt-svc":"h3-29=\":443\"; ma=2592000,h3-T051=\":443\"; ma=2592000,h3-Q050=\":443\"; ma=2592000,h3-Q046=\":443\"; ma=2592000,h3-Q043=\":443\"; ma=2592000,quic=\":443\"; ma=2592000; v=\"46,43\"","accept-ranges":"none","transfer-encoding":"chunked"}
[debug] [2021-01-29T05:23:06.382Z] >>> [apiv2][query] GET https://firebase.googleapis.com/v1beta1/projects/react-msg-app [none]
[debug] [2021-01-29T05:23:07.006Z] <<< [apiv2][status] GET https://firebase.googleapis.com/v1beta1/projects/react-msg-app 200
[debug] [2021-01-29T05:23:07.007Z] <<< [apiv2][body] GET https://firebase.googleapis.com/v1beta1/projects/react-msg-app {"projectId":"react-msg-app","projectNumber":"962298136676","displayName":"React-msg-app","name":"projects/react-msg-app","resources":{"hostingSite":"react-msg-app","realtimeDatabaseInstance":"react-msg-app-default-rtdb","storageBucket":"react-msg-app.appspot.com","locationId":"us-central"},"state":"ACTIVE"}
[info] 
=== Hosting Setup
[info] 
[info] Your public directory is the folder (relative to your project directory) that
[info] will contain Hosting assets to be uploaded with firebase deploy. If you
[info] have a build process for your assets, use your build's output directory.
[info] 
[debug] [2021-01-29T05:23:39.785Z] >>> [apiv2][query] GET https://www.gstatic.com/firebasejs/releases.json [none]
[debug] [2021-01-29T05:23:41.419Z] <<< [apiv2][status] GET https://www.gstatic.com/firebasejs/releases.json 200
[debug] [2021-01-29T05:23:41.420Z] <<< [apiv2][body] GET https://www.gstatic.com/firebasejs/releases.json {"current":{"version":"8.2.4","browserURL":"https://www.gstatic.com/firebasejs/8.2.4/firebase.js","packageURL":"https://www.gstatic.com/firebasejs/8.2.4/firebase.tgz"},"live":{"version":"8.2","browserURL":"https://www.gstatic.com/firebasejs/live/8.2/firebase.js","packageURL":"https://www.gstatic.com/firebasejs/live/8.2/firebase.tgz"},"components":{"analytics":"https://www.gstatic.com/firebasejs/8.2.4/firebase-analytics.js","app":"https://www.gstatic.com/firebasejs/8.2.4/firebase-app.js","auth":"https://www.gstatic.com/firebasejs/8.2.4/firebase-auth.js","database":"https://www.gstatic.com/firebasejs/8.2.4/firebase-database.js","firestore":"https://www.gstatic.com/firebasejs/8.2.4/firebase-firestore.js","functions":"https://www.gstatic.com/firebasejs/8.2.4/firebase-functions.js","installations":"https://www.gstatic.com/firebasejs/8.2.4/firebase-installations.js","messaging":"https://www.gstatic.com/firebasejs/8.2.4/firebase-messaging.js","storage":"https://www.gstatic.com/firebasejs/8.2.4/firebase-storage.js","performance":"https://www.gstatic.com/firebasejs/8.2.4/firebase-performance.js","remote-config":"https://www.gstatic.com/firebasejs/8.2.4/firebase-remote-config.js","firestore.memory":"https://www.gstatic.com/firebasejs/8.2.4/firebase-firestore.memory.js"}}
[info] i  Skipping write of build/index.html 
[info] 
[info] i  Detected a .git folder at C:\Users\ADMIN\Desktop\i write code\React js\react-msg-app 
[info] i  Authorizing with GitHub to upload your service account to a GitHub repository's secrets store. 
[info] 
[info] Visit this URL on this device to log in:
[info] https://github.com/login/oauth/authorize?client_id=89cf50f02ac6aaed3484&state=360808744&redirect_uri=http%3A%2F%2Flocalhost%3A9005&scope=read%3Auser%20repo%20public_repo
[info] 
[info] Waiting for authentication...
[debug] [2021-01-29T05:24:12.859Z] >>> HTTP REQUEST POST https://github.com/login/oauth/access_token  
 {"client_id":"89cf50f02ac6aaed3484","client_secret":"3330d14abc895d9a74d5f17cd7a00711fa2c5bf0","code":"704a5ba4c1f01d440626","redirect_uri":"http://localhost:9005","state":"360808744"}
[debug] [2021-01-29T05:24:13.354Z] <<< HTTP RESPONSE 200 {"date":"Fri, 29 Jan 2021 05:24:11 GMT","content-type":"application/json; charset=utf-8","transfer-encoding":"chunked","server":"GitHub.com","status":"200 OK","vary":"X-PJAX, Accept-Encoding, Accept, X-Requested-With, Accept-Encoding","etag":"W/\"4c4c2f32b5f756ab6e3855ce9c5c0630\"","cache-control":"max-age=0, private, must-revalidate","strict-transport-security":"max-age=31536000; includeSubdomains; preload","x-frame-options":"deny","x-content-type-options":"nosniff","x-xss-protection":"1; mode=block","referrer-policy":"origin-when-cross-origin, strict-origin-when-cross-origin","expect-ct":"max-age=2592000, report-uri=\"https://api.github.com/_private/browser/errors\"","content-security-policy":"default-src 'none'; base-uri 'self'; block-all-mixed-content; connect-src 'self' uploads.github.com www.githubstatus.com collector.githubapp.com api.github.com github-cloud.s3.amazonaws.com github-production-repository-file-5c1aeb.s3.amazonaws.com github-production-upload-manifest-file-7fdce7.s3.amazonaws.com github-production-user-asset-6210df.s3.amazonaws.com cdn.optimizely.com logx.optimizely.com/v1/events wss://alive.github.com; font-src github.githubassets.com; form-action 'self' github.com gist.github.com; frame-ancestors 'none'; frame-src render.githubusercontent.com; img-src 'self' data: github.githubassets.com identicons.github.com collector.githubapp.com github-cloud.s3.amazonaws.com *.githubusercontent.com; manifest-src 'self'; media-src 'none'; script-src github.githubassets.com; style-src 'unsafe-inline' github.githubassets.com; worker-src github.com/socket-worker-5029ae85.js gist.github.com/socket-worker-5029ae85.js","x-github-request-id":"C0F7:4001:AEC39:C86C3:60139BFA"}
[debug] [2021-01-29T05:24:13.357Z] >>> [apiv2][query] GET https://api.github.com/user [none]
[debug] [2021-01-29T05:24:14.504Z] <<< [apiv2][status] GET https://api.github.com/user 200
[debug] [2021-01-29T05:24:14.504Z] <<< [apiv2][body] GET https://api.github.com/user {"login":"KeerthanaAnandan","id":58841274,"node_id":"MDQ6VXNlcjU4ODQxMjc0","avatar_url":"https://avatars.githubusercontent.com/u/58841274?v=4","gravatar_id":"","url":"https://api.github.com/users/KeerthanaAnandan","html_url":"https://github.com/KeerthanaAnandan","followers_url":"https://api.github.com/users/KeerthanaAnandan/followers","following_url":"https://api.github.com/users/KeerthanaAnandan/following{/other_user}","gists_url":"https://api.github.com/users/KeerthanaAnandan/gists{/gist_id}","starred_url":"https://api.github.com/users/KeerthanaAnandan/starred{/owner}{/repo}","subscriptions_url":"https://api.github.com/users/KeerthanaAnandan/subscriptions","organizations_url":"https://api.github.com/users/KeerthanaAnandan/orgs","repos_url":"https://api.github.com/users/KeerthanaAnandan/repos","events_url":"https://api.github.com/users/KeerthanaAnandan/events{/privacy}","received_events_url":"https://api.github.com/users/KeerthanaAnandan/received_events","type":"User","site_admin":false,"name":"Keerthana Anandan","company":null,"blog":"","location":null,"email":null,"hireable":true,"bio":null,"twitter_username":null,"public_repos":26,"public_gists":0,"followers":2,"following":4,"created_at":"2019-12-13T06:53:15Z","updated_at":"2021-01-29T05:24:10Z","private_gists":0,"total_private_repos":0,"owned_private_repos":0,"disk_usage":826280,"collaborators":0,"two_factor_authentication":false,"plan":{"name":"free","space":976562499,"collaborators":0,"private_repos":10000}}
[info] 
[info] +  Success! Logged into GitHub as KeerthanaAnandan 
[info] 
[debug] [2021-01-29T05:25:29.888Z] >>> [apiv2][query] GET https://api.github.com/repos/no/actions/secrets/public-key type=owner
[debug] [2021-01-29T05:25:30.615Z] <<< [apiv2][status] GET https://api.github.com/repos/no/actions/secrets/public-key 404
[debug] [2021-01-29T05:25:30.615Z] <<< [apiv2][body] GET https://api.github.com/repos/no/actions/secrets/public-key {"message":"Not Found","documentation_url":"https://docs.github.com/rest"}
[debug] [2021-01-29T05:27:24.043Z] ----------------------------------------------------------------------
[debug] [2021-01-29T05:27:24.047Z] Command:       C:\Program Files\nodejs\node.exe C:\Users\ADMIN\AppData\Roaming\npm\node_modules\firebase-tools\lib\bin\firebase.js init
[debug] [2021-01-29T05:27:24.047Z] CLI Version:   9.2.2
[debug] [2021-01-29T05:27:24.047Z] Platform:      win32
[debug] [2021-01-29T05:27:24.047Z] Node Version:  v12.18.3
[debug] [2021-01-29T05:27:24.049Z] Time:          Fri Jan 29 2021 10:57:24 GMT+0530 (India Standard Time)
[debug] [2021-01-29T05:27:24.049Z] ----------------------------------------------------------------------
[debug] [2021-01-29T05:27:24.049Z] 
[debug] [2021-01-29T05:27:24.058Z] > command requires scopes: ["email","openid","https://www.googleapis.com/auth/cloudplatformprojects.readonly","https://www.googleapis.com/auth/firebase","https://www.googleapis.com/auth/cloud-platform"]
[debug] [2021-01-29T05:27:24.058Z] > authorizing via signed-in user
[info] 
     ######## #### ########  ######## ########     ###     ######  ########
     ##        ##  ##     ## ##       ##     ##  ##   ##  ##       ##
     ######    ##  ########  ######   ########  #########  ######  ######
     ##        ##  ##    ##  ##       ##     ## ##     ##       ## ##
     ##       #### ##     ## ######## ########  ##     ##  ######  ########

You're about to initialize a Firebase project in this directory:

  C:\Users\ADMIN\Desktop\i write code\React js\react-msg-app

Before we get started, keep in mind:

  * You are initializing in an existing Firebase project directory

[info] 
=== Project Setup
[info] 
[info] First, let's associate this project directory with a Firebase project.
[info] You can create multiple project aliases by running firebase use --add, 
[info] but for now we'll just set up a default project.
[info] 
[info] i  .firebaserc already has a default project, using react-msg-app. 
[debug] [2021-01-29T05:27:30.569Z] >>> [apiv2][query] GET https://firebase.googleapis.com/v1beta1/projects/react-msg-app [none]
[debug] [2021-01-29T05:27:51.811Z] Failed to make request to https://firebase.googleapis.com/v1beta1/projects/react-msg-app
[debug] [2021-01-29T05:27:52.188Z] FirebaseError: Failed to make request to https://firebase.googleapis.com/v1beta1/projects/react-msg-app
    at Client.doRequest (C:\Users\ADMIN\AppData\Roaming\npm\node_modules\firebase-tools\lib\apiv2.js:194:19)
    at processTicksAndRejections (internal/process/task_queues.js:97:5)
[error] 
[error] Error: Failed to get Firebase project react-msg-app. Please make sure the project exists and your account has permission to access it.
